<?xml version="1.0" encoding="UTF-8"?>
<!-- Generated by org.testng.reporters.JUnitReportReporter -->
<testsuite hostname="ATMECSINDT-015" name="com.atmecs.xls.XlsReading.module.TestScript1" tests="3" failures="0" timestamp="20 Jun 2017 12:46:16 GMT" time="61.754" errors="0">
  <testcase name="testLogin" time="20.133" classname="com.atmecs.xls.XlsReading.module.TestScript1"/>
  <testcase name="testLogin" time="20.981" classname="com.atmecs.xls.XlsReading.module.TestScript1"/>
  <testcase name="testLogin" time="20.640" classname="com.atmecs.xls.XlsReading.module.TestScript1"/>
</testsuite> <!-- com.atmecs.xls.XlsReading.module.TestScript1 -->
